# JRE version: OpenJDK Runtime Environment (21.0.2+13) (build 21.0.2+13-58)
# Java VM: OpenJDK 64-Bit Server VM (21.0.2+13-58, mixed mode, sharing, tiered, compressed oops, compressed class ptrs, g1 gc, windows-amd64)
GC Precious Log:
 CardTable entry size: 512
 Card Set container configuration: InlinePtr #cards 4 size 8 Array Of Cards #cards 16 size 48 Howl #buckets 8 coarsen threshold 3686 Howl Bitmap #cards 512 size 80 coarsen threshold 460 Card regions per heap region 1 cards per card region 4096
 CPUs: 8 total, 8 available
 Memory: 16115M
 Large Page Support: Disabled
 NUMA Support: Disabled
 Compressed Oops: Enabled (Zero based)
 Heap Region Size: 2M
 Heap Min Capacity: 8M
 Heap Initial Capacity: 252M
 Heap Max Capacity: 4030M
 Pre-touch: Disabled
 Parallel Workers: 8
 Concurrent Workers: 2
 Concurrent Refinement Workers: 8
 Periodic GC: Disabled
Heap:
 garbage-first heap   total 501760K, used 189410K [0x0000000704200000, 0x0000000800000000)
  region size 2048K, 10 young (20480K), 10 survivors (20480K)
 Metaspace       used 35978K, committed 36480K, reserved 1114112K
  class space    used 3757K, committed 4032K, reserved 1048576K
GC Heap History (20 events):
Event: 4844.764 GC heap after
{Heap after GC invocations=373 (full 0):
 garbage-first heap   total 430080K, used 203772K [0x0000000704200000, 0x0000000800000000)
  region size 2048K, 1 young (2048K), 1 survivors (2048K)
 Metaspace       used 35946K, committed 36480K, reserved 1114112K
  class space    used 3754K, committed 4032K, reserved 1048576K
}
Event: 4870.587 GC heap before
{Heap before GC invocations=374 (full 0):
 garbage-first heap   total 430080K, used 269308K [0x0000000704200000, 0x0000000800000000)
  region size 2048K, 65 young (133120K), 1 survivors (2048K)
 Metaspace       used 35947K, committed 36480K, reserved 1114112K
  class space    used 3754K, committed 4032K, reserved 1048576K
}
Event: 4870.603 GC heap after
{Heap after GC invocations=375 (full 0):
 garbage-first heap   total 430080K, used 170798K [0x0000000704200000, 0x0000000800000000)
  region size 2048K, 9 young (18432K), 9 survivors (18432K)
 Metaspace       used 35947K, committed 36480K, reserved 1114112K
  class space    used 3754K, committed 4032K, reserved 1048576K
}
Event: 4871.118 GC heap before
{Heap before GC invocations=375 (full 0):
 garbage-first heap   total 430080K, used 322350K [0x0000000704200000, 0x0000000800000000)
  region size 2048K, 81 young (165888K), 9 survivors (18432K)
 Metaspace       used 35947K, committed 36480K, reserved 1114112K
  class space    used 3754K, committed 4032K, reserved 1048576K
}
Event: 4871.149 GC heap after
{Heap after GC invocations=376 (full 0):
 garbage-first heap   total 430080K, used 175563K [0x0000000704200000, 0x0000000800000000)
  region size 2048K, 11 young (22528K), 11 survivors (22528K)
 Metaspace       used 35947K, committed 36480K, reserved 1114112K
  class space    used 3754K, committed 4032K, reserved 1048576K
}
Event: 4874.920 GC heap before
{Heap before GC invocations=376 (full 0):
 garbage-first heap   total 430080K, used 314827K [0x0000000704200000, 0x0000000800000000)
  region size 2048K, 79 young (161792K), 11 survivors (22528K)
 Metaspace       used 35948K, committed 36480K, reserved 1114112K
  class space    used 3754K, committed 4032K, reserved 1048576K
}
Event: 4874.951 GC heap after
{Heap after GC invocations=377 (full 0):
 garbage-first heap   total 430080K, used 225078K [0x0000000704200000, 0x0000000800000000)
  region size 2048K, 10 young (20480K), 10 survivors (20480K)
 Metaspace       used 35948K, committed 36480K, reserved 1114112K
  class space    used 3754K, committed 4032K, reserved 1048576K
}
Event: 4902.920 GC heap before
{Heap before GC invocations=377 (full 0):
 garbage-first heap   total 430080K, used 315190K [0x0000000704200000, 0x0000000800000000)
  region size 2048K, 56 young (114688K), 10 survivors (20480K)
 Metaspace       used 35956K, committed 36480K, reserved 1114112K
  class space    used 3754K, committed 4032K, reserved 1048576K
}
Event: 4902.947 GC heap after
{Heap after GC invocations=378 (full 0):
 garbage-first heap   total 430080K, used 262144K [0x0000000704200000, 0x0000000800000000)
  region size 2048K, 8 young (16384K), 8 survivors (16384K)
 Metaspace       used 35956K, committed 36480K, reserved 1114112K
  class space    used 3754K, committed 4032K, reserved 1048576K
}
Event: 4903.074 GC heap before
{Heap before GC invocations=379 (full 0):
 garbage-first heap   total 454656K, used 305152K [0x0000000704200000, 0x0000000800000000)
  region size 2048K, 50 young (102400K), 8 survivors (16384K)
 Metaspace       used 35956K, committed 36480K, reserved 1114112K
  class space    used 3754K, committed 4032K, reserved 1048576K
}
Event: 4903.087 GC heap after
{Heap after GC invocations=380 (full 0):
 garbage-first heap   total 454656K, used 243587K [0x0000000704200000, 0x0000000800000000)
  region size 2048K, 7 young (14336K), 7 survivors (14336K)
 Metaspace       used 35956K, committed 36480K, reserved 1114112K
  class space    used 3754K, committed 4032K, reserved 1048576K
}
Event: 4903.364 GC heap before
{Heap before GC invocations=380 (full 0):
 garbage-first heap   total 454656K, used 348035K [0x0000000704200000, 0x0000000800000000)
  region size 2048K, 58 young (118784K), 7 survivors (14336K)
 Metaspace       used 35956K, committed 36480K, reserved 1114112K
  class space    used 3754K, committed 4032K, reserved 1048576K
}
Event: 4903.380 GC heap after
{Heap after GC invocations=381 (full 0):
 garbage-first heap   total 454656K, used 219829K [0x0000000704200000, 0x0000000800000000)
  region size 2048K, 8 young (16384K), 8 survivors (16384K)
 Metaspace       used 35956K, committed 36480K, reserved 1114112K
  class space    used 3754K, committed 4032K, reserved 1048576K
}
Event: 4903.562 GC heap before
{Heap before GC invocations=381 (full 0):
 garbage-first heap   total 454656K, used 338613K [0x0000000704200000, 0x0000000800000000)
  region size 2048K, 66 young (135168K), 8 survivors (16384K)
 Metaspace       used 35956K, committed 36480K, reserved 1114112K
  class space    used 3754K, committed 4032K, reserved 1048576K
}
Event: 4903.581 GC heap after
{Heap after GC invocations=382 (full 0):
 garbage-first heap   total 454656K, used 251899K [0x0000000704200000, 0x0000000800000000)
  region size 2048K, 9 young (18432K), 9 survivors (18432K)
 Metaspace       used 35956K, committed 36480K, reserved 1114112K
  class space    used 3754K, committed 4032K, reserved 1048576K
}
Event: 4907.304 GC heap before
{Heap before GC invocations=382 (full 0):
 garbage-first heap   total 454656K, used 282619K [0x0000000704200000, 0x0000000800000000)
  region size 2048K, 25 young (51200K), 9 survivors (18432K)
 Metaspace       used 35959K, committed 36480K, reserved 1114112K
  class space    used 3754K, committed 4032K, reserved 1048576K
}
Event: 4907.315 GC heap after
{Heap after GC invocations=383 (full 0):
 garbage-first heap   total 454656K, used 263647K [0x0000000704200000, 0x0000000800000000)
  region size 2048K, 5 young (10240K), 5 survivors (10240K)
 Metaspace       used 35959K, committed 36480K, reserved 1114112K
  class space    used 3754K, committed 4032K, reserved 1048576K
}
Event: 4907.462 GC heap before
{Heap before GC invocations=384 (full 0):
 garbage-first heap   total 454656K, used 267743K [0x0000000704200000, 0x0000000800000000)
  region size 2048K, 56 young (114688K), 5 survivors (10240K)
 Metaspace       used 35959K, committed 36480K, reserved 1114112K
  class space    used 3754K, committed 4032K, reserved 1048576K
}
Event: 4907.477 GC heap after
{Heap after GC invocations=385 (full 0):
 garbage-first heap   total 454656K, used 189884K [0x0000000704200000, 0x0000000800000000)
  region size 2048K, 7 young (14336K), 7 survivors (14336K)
 Metaspace       used 35959K, committed 36480K, reserved 1114112K
  class space    used 3754K, committed 4032K, reserved 1048576K
}
Event: 4965.142 GC heap before
{Heap before GC invocations=385 (full 0):
 garbage-first heap   total 454656K, used 325052K [0x0000000704200000, 0x0000000800000000)
  region size 2048K, 73 young (149504K), 7 survivors (14336K)
 Metaspace       used 35978K, committed 36480K, reserved 1114112K
  class space    used 3757K, committed 4032K, reserved 1048576K
}

