<?xml version="1.0" encoding="UTF-8"?>
<!-- Generated by org.testng.reporters.JUnitXMLReporter -->
<testsuite ignored="0" hostname="AELPT-0910" failures="0" tests="6" name="Default test" time="169.666" errors="0" timestamp="2024-07-10T11:37:54 IST">
  <testcase classname="com.ae.qa.tests.TenantAdmin.CredentialPermissionsPageTestTA" name="validateAssignSingleCredentialSingleUserTest" time="23.347"/>
  <testcase classname="com.ae.qa.tests.TenantAdmin.CredentialPermissionsPageTestTA" name="validateAssignSingleCredentialSingleUserTest" time="23.191"/>
  <testcase classname="com.ae.qa.tests.TenantAdmin.CredentialPermissionsPageTestTA" name="validateAssignSingleCredentialSingleUserTest" time="23.316"/>
  <testcase classname="com.ae.qa.tests.TenantAdmin.CredentialPermissionsPageTestTA" name="validateAssignSingleCredentialSingleUserTest" time="23.218"/>
  <testcase classname="com.ae.qa.tests.TenantAdmin.CredentialPermissionsPageTestTA" name="validateAssignSingleCredentialSingleUserTest" time="23.312"/>
  <testcase classname="com.ae.qa.tests.TenantAdmin.CredentialPermissionsPageTestTA" name="validateAssignSingleCredentialSingleUserTest" time="23.22"/>
</testsuite> <!-- Default test -->
